-------------------------------------------------------------------------------
Test set: Tests.SeleniumFormTest
-------------------------------------------------------------------------------
Tests run: 1, Failures: 1, Errors: 0, Skipped: 0, Time elapsed: 3.236 s <<< FAILURE! - in Tests.SeleniumFormTest
shouldFillFormWithSuccess  Time elapsed: 3.104 s  <<< FAILURE!
java.lang.AssertionError: 

Expected: "Form send with success"
     but: was ""
	at Tests.SeleniumFormTest.shouldFillFormWithSuccess(SeleniumFormTest.java:60)

